<?xml version="1.0" encoding="UTF-8"?>
<!-- Generated by org.testng.reporters.JUnitReportReporter -->
<testsuite hostname="DESKTOP-PM45EEP" failures="0" tests="1" name="testing.Timeouts_TESTNG" time="0.023" errors="0" timestamp="2023-09-06T12:40:23 IST" skipped="0">
  <testcase classname="testing.Timeouts_TESTNG" name="login" time="0.023"/>
  <system-out>
    <![CDATA[i am login]]>
  </system-out>
</testsuite> <!-- testing.Timeouts_TESTNG -->
